Smartmeter v0.0.2 (gb404a59.2)
Opened serial device /dev/ttyACM0
Incomplete message received (112)
Incomplete message received (128)

/EBZ5DD3BZ06ETA_107

1-0:0.0.0*255(1EBZ0100507409)
1-0:96.1.0*255(1EBZ0100507409)
1-0:1.8.0*255(000125.25688570*kWh)
1-0:16.7.0*255(000259.20*W)
1-0:36.7.0*255(000075.18*W)
1-0:56.7.0*255(000092.34*W)
1-0:76.7.0*255(000091.68*W)
1-0:32.7.0*255(232.4*V)
1-0:52.7.0*255(231.7*V)
1-0:72.7.0*255(233.7*V)
1-0:96.5.0*255(001C0104)
0-0:96.8.0*255(00104443)
!
EOM 

/EBZ5DD3BZ06ETA_107

1-0:0.0.0*255(1EBZ0100507409)
1-0:96.1.0*255(1EBZ0100507409)
1-0:1.8.0*255(000125.25695781*kWh)
1-0:16.7.0*255(000259.59*W)
1-0:36.7.0*255(000075.25*W)
1-0:56.7.0*255(000092.60*W)
1-0:76.7.0*255(000091.74*W)
1-0:32.7.0*255(232.6*V)
1-0:52.7.0*255(231.9*V)
1-0:72.7.0*255(232.9*V)
1-0:96.5.0*255(001C0104)
0-0:96.8.0*255(00104444)
!
EOM 

/EBZ5DD3BZ06ETA_107

1-0:0.0.0*255(1EBZ0100507409)
1-0:96.1.0*255(1EBZ0100507409)
1-0:1.8.0*255(000125.25702951*kWh)
1-0:16.7.0*255(000258.11*W)
1-0:36.7.0*255(000074.06*W)
1-0:56.7.0*255(000092.36*W)
1-0:76.7.0*255(000091.69*W)
1-0:32.7.0*255(233.2*V)
1-0:52.7.0*255(232.1*V)
1-0:72.7.0*255(233.7*V)
1-0:96.5.0*255(001C0104)
0-0:96.8.0*255(00104445)
!
EOM 

/EBZ5DD3BZ06ETA_107

1-0:0.0.0*255(1EBZ0100507409)
1-0:96.1.0*255(1EBZ0100507409)
1-0:1.8.0*255(000125.25710168*kWh)
1-0:16.7.0*255(000259.81*W)
1-0:36.7.0*255(000075.00*W)
1-0:56.7.0*255(000093.06*W)
1-0:76.7.0*255(000091.75*W)
1-0:32.7.0*255(232.3*V)
1-0:52.7.0*255(231.9*V)
1-0:72.7.0*255(232.8*V)
1-0:96.5.0*255(001C0104)
0-0:96.8.0*255(00104446)
!
EOM 

/EBZ5DD3BZ06ETA_107

1-0:0.0.0*255(1EBZ0100507409)
1-0:96.1.0*255(1EBZ0100507409)
1-0:1.8.0*255(000125.25717358*kWh)
1-0:16.7.0*255(000258.85*W)
1-0:36.7.0*255(000074.39*W)
1-0:56.7.0*255(000092.77*W)
1-0:76.7.0*255(000091.69*W)
1-0:32.7.0*255(233.2*V)
1-0:52.7.0*255(231.7*V)
1-0:72.7.0*255(233.7*V)
1-0:96.5.0*255(001C0104)
0-0:96.8.0*255(00104447)
!
EOM 
