/EBZ5DD3BZ06ETA_107

1-0:0.0.0*255(1EBZ0100507409)
1-0:96.1.0*255(1EBZ0100507409)
1-0:1.8.0*255(005267.03049619*kWh)
1-0:16.7.0*255(000179.62*W)
1-0:36.7.0*255(000080.40*W)
1-0:56.7.0*255(000089.37*W)
1-0:76.7.0*255(000009.85*W)
1-0:32.7.0*255(232.3*V)
1-0:52.7.0*255(231.3*V)
1-0:72.7.0*255(232.9*V)
1-0:96.5.0*255(001C0104)
0-0:96.8.0*255(02792C83)
!
/EBZ5DD3BZ06ETA_107

1-0:0.0.0*255(1EBZ0100507409)
1-0:96.1.0*255(1EBZ0100507409)
1-0:1.8.0*255(005267.03054583*kWh)
1-0:16.7.0*255(000178.72*W)
1-0:36.7.0*255(000079.74*W)
1-0:56.7.0*255(000089.23*W)
1-0:76.7.0*255(000009.75*W)
1-0:32.7.0*255(232.8*V)
1-0:52.7.0*255(231.6*V)
1-0:72.7.0*255(232.1*V)
1-0:96.5.0*255(001C0104)
0-0:96.8.0*255(02792C84)
!
/EBZ5DD3BZ06ETA_107

1-0:0.0.0*255(1EBZ0100507409)
1-0:96.1.0*255(1EBZ0100507409)
1-0:1.8.0*255(005267.03059525*kWh)
1-0:16.7.0*255(000177.91*W)
1-0:36.7.0*255(000078.28*W)
1-0:56.7.0*255(000089.63*W)
1-0:76.7.0*255(000010.00*W)
1-0:32.7.0*255(231.7*V)
1-0:52.7.0*255(231.9*V)
1-0:72.7.0*255(233.0*V)
1-0:96.5.0*255(001C0104)
0-0:96.8.0*255(02792C85)
!
/EBZ5DD3BZ06ETA_107

1-0:0.0.0*255(1EBZ0100507409)
1-0:96.1.0*255(1EBZ0100507409)
1-0:1.8.0*255(005267.03064499*kWh)
1-0:16.7.0*255(000179.06*W)
1-0:36.7.0*255(000079.22*W)
1-0:56.7.0*255(000089.32*W)
1-0:76.7.0*255(000010.52*W)
1-0:32.7.0*255(232.1*V)
1-0:52.7.0*255(231.3*V)
1-0:72.7.0*255(232.1*V)
1-0:96.5.0*255(001C0104)
0-0:96.8.0*255(02792C86)
!
/EBZ5DD3BZ06ETA_107

1-0:0.0.0*255(1EBZ0100507409)
1-0:96.1.0*255(1EBZ0100507409)
1-0:1.8.0*255(005267.03069518*kWh)
1-0:16.7.0*255(000180.68*W)
1-0:36.7.0*255(000081.16*W)
1-0:56.7.0*255(000089.56*W)
1-0:76.7.0*255(000009.96*W)
1-0:32.7.0*255(232.7*V)
1-0:52.7.0*255(231.6*V)
1-0:72.7.0*255(232.8*V)
1-0:96.5.0*255(001C0104)
0-0:96.8.0*255(02792C87)
!
/EBZ5DD3BZ06ETA_107

1-0:0.0.0*255(1EBZ0100507409)
1-0:96.1.0*255(1EBZ0100507409)
1-0:1.8.0*255(005267.03074505*kWh)
1-0:16.7.0*255(000179.55*W)
1-0:36.7.0*255(000080.46*W)
1-0:56.7.0*255(000088.99*W)
1-0:76.7.0*255(000010.10*W)
1-0:32.7.0*255(232.6*V)
1-0:52.7.0*255(231.9*V)
1-0:72.7.0*255(232.9*V)
1-0:96.5.0*255(001C0104)
0-0:96.8.0*255(02792C88)
!
/EBZ5DD3BZ06ETA_107

1-0:0.0.0*255(1EBZ0100507409)
1-0:96.1.0*255(1EBZ0100507409)
1-0:1.8.0*255(005267.03079457*kWh)
1-0:16.7.0*255(000178.25*W)
1-0:36.7.0*255(000078.87*W)
1-0:56.7.0*255(000089.40*W)
1-0:76.7.0*255(000009.98*W)
1-0:32.7.0*255(231.9*V)
1-0:52.7.0*255(231.4*V)
1-0:72.7.0*255(232.6*V)
1-0:96.5.0*255(001C0104)
0-0:96.8.0*255(02792C89)
!
